<?xml version="1.0" encoding="UTF-8"?>
<!-- Generated by org.testng.reporters.JUnitReportReporter -->
<testsuite hostname="GMHPL045" failures="0" tests="1" name="com.bestbuy.test.LogIn" time="24.326" errors="0" timestamp="2023-09-10T17:31:20 IST" skipped="0">
  <testcase classname="com.bestbuy.test.LogIn" name="sigin" time="24.326"/>
</testsuite> <!-- com.bestbuy.test.LogIn -->
