<?xml version="1.0" encoding="UTF-8"?>
<!-- Generated by org.testng.reporters.JUnitReportReporter -->
<testsuite hostname="GMHPL045" failures="0" tests="1" name="com.bestbuy.test.Menu" time="0.862" errors="0" timestamp="2023-09-09T10:44:13 IST" skipped="0">
  <testcase classname="com.bestbuy.test.Menu" name="application" time="0.862"/>
</testsuite> <!-- com.bestbuy.test.Menu -->
