<?xml version="1.0" encoding="UTF-8"?>
<!-- Generated by org.testng.reporters.JUnitReportReporter -->
<testsuite hostname="GMHPL045" failures="0" tests="1" name="com.bestbuy.test.Search_ItemAddToCart" time="26.520" errors="0" timestamp="2023-09-11T17:31:50 IST" skipped="0">
  <testcase classname="com.bestbuy.test.Search_ItemAddToCart" name="validatingSearchAndCart" time="26.520"/>
</testsuite> <!-- com.bestbuy.test.Search_ItemAddToCart -->
