<?xml version="1.0" encoding="UTF-8"?>
<!-- Generated by org.testng.reporters.JUnitReportReporter -->
<testsuite hostname="GMHPL045" failures="0" tests="1" name="com.bestbuy.test.CheckoutValidation" time="30.634" errors="0" timestamp="2023-09-10T01:00:10 IST" skipped="0">
  <testcase classname="com.bestbuy.test.CheckoutValidation" name="checkout" time="30.634"/>
</testsuite> <!-- com.bestbuy.test.CheckoutValidation -->
