<?xml version="1.0" encoding="UTF-8"?>
<!-- Generated by org.testng.reporters.JUnitReportReporter -->
<testsuite hostname="GMHPL045" failures="0" tests="1" name="com.bestbuy.test.ChooseCountry" time="9.573" errors="0" timestamp="2023-09-10T18:43:44 IST" skipped="0">
  <testcase classname="com.bestbuy.test.ChooseCountry" name="selectCountry" time="9.573"/>
</testsuite> <!-- com.bestbuy.test.ChooseCountry -->
