<?xml version="1.0" encoding="UTF-8"?>
<!-- Generated by org.testng.reporters.JUnitReportReporter -->
<testsuite hostname="GMHPL045" failures="0" tests="2" name="com.bestbuy.test.MenuShopByBrand" time="147.476" errors="0" timestamp="2023-09-11T17:31:50 IST" skipped="0">
  <testcase classname="com.bestbuy.test.MenuShopByBrand" name="selectByBrand" time="72.696"/>
  <testcase classname="com.bestbuy.test.MenuShopByBrand" name="selectByBrand" time="74.780"/>
</testsuite> <!-- com.bestbuy.test.MenuShopByBrand -->
