<?xml version="1.0" encoding="UTF-8"?>
<!-- Generated by org.testng.reporters.JUnitReportReporter -->
<testsuite hostname="GMHPL045" failures="0" tests="1" name="com.bestbuy.test.Menu" time="1258.494" errors="0" timestamp="2023-09-10T21:47:00 IST" skipped="0">
  <testcase classname="com.bestbuy.test.Menu" name="menuFirst_ThreeButton" time="1258.494"/>
</testsuite> <!-- com.bestbuy.test.Menu -->
