<?xml version="1.0" encoding="UTF-8"?>
<!-- Generated by org.testng.reporters.JUnitReportReporter -->
<testsuite hostname="GMHPL045" failures="0" tests="9" name="com.bestbuy.test.ChooseCountry" time="97.463" errors="0" timestamp="2023-09-11T17:31:50 IST" skipped="0">
  <testcase classname="com.bestbuy.test.ChooseCountry" name="selectCountry" time="9.948"/>
  <testcase classname="com.bestbuy.test.ChooseCountry" name="selectCountry" time="10.831"/>
  <testcase classname="com.bestbuy.test.ChooseCountry" name="selectCountry" time="9.859"/>
  <testcase classname="com.bestbuy.test.ChooseCountry" name="selectCountry" time="7.014"/>
  <testcase classname="com.bestbuy.test.ChooseCountry" name="selectCountry" time="8.253"/>
  <testcase classname="com.bestbuy.test.ChooseCountry" name="selectCountry" time="19.484"/>
  <testcase classname="com.bestbuy.test.ChooseCountry" name="selectCountry" time="10.495"/>
  <testcase classname="com.bestbuy.test.ChooseCountry" name="selectCountry" time="12.370"/>
  <testcase classname="com.bestbuy.test.ChooseCountry" name="selectCountry" time="9.209"/>
</testsuite> <!-- com.bestbuy.test.ChooseCountry -->
