<?xml version="1.0" encoding="UTF-8"?>
<!-- Generated by org.testng.reporters.JUnitReportReporter -->
<testsuite hostname="GMHPL045" failures="0" tests="1" name="com.bestbuy.test.Menu3" time="1371.993" errors="0" timestamp="2023-09-09T10:21:21 IST" skipped="0">
  <testcase classname="com.bestbuy.test.Menu3" name="menuFirst_ThreeButton" time="1371.993"/>
</testsuite> <!-- com.bestbuy.test.Menu3 -->
