<?xml version="1.0" encoding="UTF-8"?>
<!-- Generated by org.testng.reporters.JUnitReportReporter -->
<testsuite hostname="GMHPL045" failures="0" tests="2" name="com.bestbuy.utils.Testclass" time="0.018" errors="0" timestamp="2023-09-09T15:43:00 IST" skipped="0">
  <testcase classname="com.bestbuy.utils.Testclass" name="test1" time="0.014"/>
  <testcase classname="com.bestbuy.utils.Testclass" name="test2" time="0.004"/>
</testsuite> <!-- com.bestbuy.utils.Testclass -->
