<?xml version="1.0" encoding="UTF-8"?>
<!-- Generated by org.testng.reporters.JUnitReportReporter -->
<testsuite hostname="GMHPL045" failures="0" tests="1" name="com.bestbuy.test.MenuShopByDepartment" time="22.690" errors="0" timestamp="2023-09-10T23:13:53 IST" skipped="0">
  <testcase classname="com.bestbuy.test.MenuShopByDepartment" name="selectByDepartment" time="22.690"/>
</testsuite> <!-- com.bestbuy.test.MenuShopByDepartment -->
