<?xml version="1.0" encoding="UTF-8"?>
<!-- Generated by org.testng.reporters.JUnitReportReporter -->
<testsuite hostname="GMHPL045" failures="0" tests="1" name="com.bestbuy.test.MenuShopByBrand" time="62.579" errors="0" timestamp="2023-09-10T01:00:10 IST" skipped="0">
  <testcase classname="com.bestbuy.test.MenuShopByBrand" name="selectByBrand" time="62.579"/>
</testsuite> <!-- com.bestbuy.test.MenuShopByBrand -->
