<?xml version="1.0" encoding="UTF-8"?>
<!-- Generated by org.testng.reporters.JUnitReportReporter -->
<testsuite hostname="GMHPL045" failures="0" tests="1" name="com.bestbuy.test.ChooseCountry" time="8.747" errors="0" timestamp="2023-09-11T16:00:10 IST" skipped="0">
  <testcase classname="com.bestbuy.test.ChooseCountry" name="selectCountry" time="8.747"/>
</testsuite> <!-- com.bestbuy.test.ChooseCountry -->
